2015-03-07 17:59:59 [::1][1][-][error][yii\web\HttpException:404] exception 'yii\base\InvalidRouteException' with message 'Unable to resolve the request "studen".' in C:\softdevIT111\apc-softdev-it111-01\application\dst_sts\vendor\yiisoft\yii2\base\Module.php:461
Stack trace:
#0 C:\softdevIT111\apc-softdev-it111-01\application\dst_sts\vendor\yiisoft\yii2\web\Application.php(83): yii\base\Module->runAction('studen', Array)
#1 C:\softdevIT111\apc-softdev-it111-01\application\dst_sts\vendor\yiisoft\yii2\base\Application.php(375): yii\web\Application->handleRequest(Object(yii\web\Request))
#2 C:\softdevIT111\apc-softdev-it111-01\application\dst_sts\backend\web\index.php(18): yii\base\Application->run()
#3 {main}

Next exception 'yii\web\NotFoundHttpException' with message 'Page not found.' in C:\softdevIT111\apc-softdev-it111-01\application\dst_sts\vendor\yiisoft\yii2\web\Application.php:95
Stack trace:
#0 C:\softdevIT111\apc-softdev-it111-01\application\dst_sts\vendor\yiisoft\yii2\base\Application.php(375): yii\web\Application->handleRequest(Object(yii\web\Request))
#1 C:\softdevIT111\apc-softdev-it111-01\application\dst_sts\backend\web\index.php(18): yii\base\Application->run()
#2 {main}
2015-03-07 17:59:59 [::1][1][-][info][application] $_GET = [
    'r' => 'studen'
]

$_COOKIE = [
    '_csrf' => '05e7136919a2da6e2133a5ecc14f367caf264f419fc44a079c5950c148ed2502a:2:{i:0;s:5:\"_csrf\";i:1;s:32:\"Nm74w1upPhKLdsvFmIWbRXbFBDVTbLRO\";}'
    'PHPSESSID' => 'ln6h6mvk46dn2nemsub5artak7'
    '_identity' => 'ff94432c600144f5145fcf71b3b1c5d79f681af06c05e2a50fa9681f5af5cfbca:2:{i:0;s:9:\"_identity\";i:1;s:46:\"[1,\"J-nue5ITiIkGlq9sh8lJZhIx70O2OUwY\",2592000]\";}'
]

$_SESSION = [
    '__flash' => []
    '__returnUrl' => '/dst_sts/backend/web/index.php'
    '__id' => 1
]

$_SERVER = [
    'MIBDIRS' => 'C:/xampp/php/extras/mibs'
    'MYSQL_HOME' => '\\xampp\\mysql\\bin'
    'OPENSSL_CONF' => 'C:/xampp/apache/bin/openssl.cnf'
    'PHP_PEAR_SYSCONF_DIR' => '\\xampp\\php'
    'PHPRC' => '\\xampp\\php'
    'TMP' => '\\xampp\\tmp'
    'HTTP_HOST' => 'localhost'
    'HTTP_CONNECTION' => 'keep-alive'
    'HTTP_ACCEPT' => 'text/html,application/xhtml+xml,application/xml;q=0.9,image/webp,*/*;q=0.8'
    'HTTP_USER_AGENT' => 'Mozilla/5.0 (Windows NT 6.1; WOW64) AppleWebKit/537.36 (KHTML, like Gecko) Chrome/31.0.1650.63 Safari/537.36'
    'HTTP_ACCEPT_ENCODING' => 'gzip,deflate,sdch'
    'HTTP_ACCEPT_LANGUAGE' => 'en-US,en;q=0.8'
    'HTTP_COOKIE' => '_csrf=05e7136919a2da6e2133a5ecc14f367caf264f419fc44a079c5950c148ed2502a%3A2%3A%7Bi%3A0%3Bs%3A5%3A%22_csrf%22%3Bi%3A1%3Bs%3A32%3A%22Nm74w1upPhKLdsvFmIWbRXbFBDVTbLRO%22%3B%7D; PHPSESSID=ln6h6mvk46dn2nemsub5artak7; _identity=ff94432c600144f5145fcf71b3b1c5d79f681af06c05e2a50fa9681f5af5cfbca%3A2%3A%7Bi%3A0%3Bs%3A9%3A%22_identity%22%3Bi%3A1%3Bs%3A46%3A%22%5B1%2C%22J-nue5ITiIkGlq9sh8lJZhIx70O2OUwY%22%2C2592000%5D%22%3B%7D'
    'PATH' => 'C:\\Perl64\\site\\bin;C:\\Perl64\\bin;C:\\Program Files (x86)\\Intel\\iCLS Client\\;C:\\Program Files\\Intel\\iCLS Client\\;C:\\Program Files (x86)\\AMD APP\\bin\\x86_64;C:\\Program Files (x86)\\AMD APP\\bin\\x86;C:\\Program Files\\Common Files\\Microsoft Shared\\Windows Live;C:\\Program Files (x86)\\Common Files\\Microsoft Shared\\Windows Live;C:\\Windows\\system32;C:\\Windows;C:\\Windows\\System32\\Wbem;C:\\Windows\\System32\\WindowsPowerShell\\v1.0\\;C:\\Program Files (x86)\\Windows Live\\Shared;C:\\Program Files (x86)\\ATI Technologies\\ATI.ACE\\Core-Static;C:\\Program Files\\Intel\\Intel(R) Management Engine Components\\DAL;C:\\Program Files\\Intel\\Intel(R) Management Engine Components\\IPT;C:\\Program Files (x86)\\Intel\\Intel(R) Management Engine Components\\DAL;C:\\Program Files (x86)\\Intel\\Intel(R) Management Engine Components\\IPT;C:\\Program Files (x86)\\QuickTime\\QTSystem\\;C:\\Program Files (x86)\\Rational\\common;C:\\Program Files (x86)\\Autodesk\\Backburner\\;C:\\Program Files\\TortoiseGit\\bin;C:\\xampp\\php;C:\\ProgramData\\ComposerSetup\\bin;'
    'SystemRoot' => 'C:\\Windows'
    'COMSPEC' => 'C:\\Windows\\system32\\cmd.exe'
    'PATHEXT' => '.COM;.EXE;.BAT;.CMD;.VBS;.VBE;.JS;.JSE;.WSF;.WSH;.MSC'
    'WINDIR' => 'C:\\Windows'
    'SERVER_SIGNATURE' => '<address>Apache/2.4.2 (Win32) OpenSSL/1.0.1c PHP/5.4.4 Server at localhost Port 80</address>
'
    'SERVER_SOFTWARE' => 'Apache/2.4.2 (Win32) OpenSSL/1.0.1c PHP/5.4.4'
    'SERVER_NAME' => 'localhost'
    'SERVER_ADDR' => '::1'
    'SERVER_PORT' => '80'
    'REMOTE_ADDR' => '::1'
    'DOCUMENT_ROOT' => 'C:/xampp/htdocs'
    'REQUEST_SCHEME' => 'http'
    'CONTEXT_PREFIX' => ''
    'CONTEXT_DOCUMENT_ROOT' => 'C:/xampp/htdocs'
    'SERVER_ADMIN' => 'postmaster@localhost'
    'SCRIPT_FILENAME' => 'C:/xampp/htdocs/dst_sts/backend/web/index.php'
    'REMOTE_PORT' => '51390'
    'GATEWAY_INTERFACE' => 'CGI/1.1'
    'SERVER_PROTOCOL' => 'HTTP/1.1'
    'REQUEST_METHOD' => 'GET'
    'QUERY_STRING' => 'r=studen'
    'REQUEST_URI' => '/dst_sts/backend/web/index.php?r=studen'
    'SCRIPT_NAME' => '/dst_sts/backend/web/index.php'
    'PHP_SELF' => '/dst_sts/backend/web/index.php'
    'REQUEST_TIME_FLOAT' => 1425722399.089
    'REQUEST_TIME' => 1425722399
]
2015-03-07 18:00:03 [::1][1][-][error][yii\web\HttpException:404] exception 'yii\base\InvalidRouteException' with message 'Unable to resolve the request "student".' in C:\softdevIT111\apc-softdev-it111-01\application\dst_sts\vendor\yiisoft\yii2\base\Module.php:461
Stack trace:
#0 C:\softdevIT111\apc-softdev-it111-01\application\dst_sts\vendor\yiisoft\yii2\web\Application.php(83): yii\base\Module->runAction('student', Array)
#1 C:\softdevIT111\apc-softdev-it111-01\application\dst_sts\vendor\yiisoft\yii2\base\Application.php(375): yii\web\Application->handleRequest(Object(yii\web\Request))
#2 C:\softdevIT111\apc-softdev-it111-01\application\dst_sts\backend\web\index.php(18): yii\base\Application->run()
#3 {main}

Next exception 'yii\web\NotFoundHttpException' with message 'Page not found.' in C:\softdevIT111\apc-softdev-it111-01\application\dst_sts\vendor\yiisoft\yii2\web\Application.php:95
Stack trace:
#0 C:\softdevIT111\apc-softdev-it111-01\application\dst_sts\vendor\yiisoft\yii2\base\Application.php(375): yii\web\Application->handleRequest(Object(yii\web\Request))
#1 C:\softdevIT111\apc-softdev-it111-01\application\dst_sts\backend\web\index.php(18): yii\base\Application->run()
#2 {main}
2015-03-07 18:00:02 [::1][1][-][info][application] $_GET = [
    'r' => 'student'
]

$_COOKIE = [
    '_csrf' => '05e7136919a2da6e2133a5ecc14f367caf264f419fc44a079c5950c148ed2502a:2:{i:0;s:5:\"_csrf\";i:1;s:32:\"Nm74w1upPhKLdsvFmIWbRXbFBDVTbLRO\";}'
    'PHPSESSID' => 'ln6h6mvk46dn2nemsub5artak7'
    '_identity' => 'ff94432c600144f5145fcf71b3b1c5d79f681af06c05e2a50fa9681f5af5cfbca:2:{i:0;s:9:\"_identity\";i:1;s:46:\"[1,\"J-nue5ITiIkGlq9sh8lJZhIx70O2OUwY\",2592000]\";}'
]

$_SESSION = [
    '__flash' => []
    '__returnUrl' => '/dst_sts/backend/web/index.php'
    '__id' => 1
]

$_SERVER = [
    'MIBDIRS' => 'C:/xampp/php/extras/mibs'
    'MYSQL_HOME' => '\\xampp\\mysql\\bin'
    'OPENSSL_CONF' => 'C:/xampp/apache/bin/openssl.cnf'
    'PHP_PEAR_SYSCONF_DIR' => '\\xampp\\php'
    'PHPRC' => '\\xampp\\php'
    'TMP' => '\\xampp\\tmp'
    'HTTP_HOST' => 'localhost'
    'HTTP_CONNECTION' => 'keep-alive'
    'HTTP_ACCEPT' => 'text/html,application/xhtml+xml,application/xml;q=0.9,image/webp,*/*;q=0.8'
    'HTTP_USER_AGENT' => 'Mozilla/5.0 (Windows NT 6.1; WOW64) AppleWebKit/537.36 (KHTML, like Gecko) Chrome/31.0.1650.63 Safari/537.36'
    'HTTP_ACCEPT_ENCODING' => 'gzip,deflate,sdch'
    'HTTP_ACCEPT_LANGUAGE' => 'en-US,en;q=0.8'
    'HTTP_COOKIE' => '_csrf=05e7136919a2da6e2133a5ecc14f367caf264f419fc44a079c5950c148ed2502a%3A2%3A%7Bi%3A0%3Bs%3A5%3A%22_csrf%22%3Bi%3A1%3Bs%3A32%3A%22Nm74w1upPhKLdsvFmIWbRXbFBDVTbLRO%22%3B%7D; PHPSESSID=ln6h6mvk46dn2nemsub5artak7; _identity=ff94432c600144f5145fcf71b3b1c5d79f681af06c05e2a50fa9681f5af5cfbca%3A2%3A%7Bi%3A0%3Bs%3A9%3A%22_identity%22%3Bi%3A1%3Bs%3A46%3A%22%5B1%2C%22J-nue5ITiIkGlq9sh8lJZhIx70O2OUwY%22%2C2592000%5D%22%3B%7D'
    'PATH' => 'C:\\Perl64\\site\\bin;C:\\Perl64\\bin;C:\\Program Files (x86)\\Intel\\iCLS Client\\;C:\\Program Files\\Intel\\iCLS Client\\;C:\\Program Files (x86)\\AMD APP\\bin\\x86_64;C:\\Program Files (x86)\\AMD APP\\bin\\x86;C:\\Program Files\\Common Files\\Microsoft Shared\\Windows Live;C:\\Program Files (x86)\\Common Files\\Microsoft Shared\\Windows Live;C:\\Windows\\system32;C:\\Windows;C:\\Windows\\System32\\Wbem;C:\\Windows\\System32\\WindowsPowerShell\\v1.0\\;C:\\Program Files (x86)\\Windows Live\\Shared;C:\\Program Files (x86)\\ATI Technologies\\ATI.ACE\\Core-Static;C:\\Program Files\\Intel\\Intel(R) Management Engine Components\\DAL;C:\\Program Files\\Intel\\Intel(R) Management Engine Components\\IPT;C:\\Program Files (x86)\\Intel\\Intel(R) Management Engine Components\\DAL;C:\\Program Files (x86)\\Intel\\Intel(R) Management Engine Components\\IPT;C:\\Program Files (x86)\\QuickTime\\QTSystem\\;C:\\Program Files (x86)\\Rational\\common;C:\\Program Files (x86)\\Autodesk\\Backburner\\;C:\\Program Files\\TortoiseGit\\bin;C:\\xampp\\php;C:\\ProgramData\\ComposerSetup\\bin;'
    'SystemRoot' => 'C:\\Windows'
    'COMSPEC' => 'C:\\Windows\\system32\\cmd.exe'
    'PATHEXT' => '.COM;.EXE;.BAT;.CMD;.VBS;.VBE;.JS;.JSE;.WSF;.WSH;.MSC'
    'WINDIR' => 'C:\\Windows'
    'SERVER_SIGNATURE' => '<address>Apache/2.4.2 (Win32) OpenSSL/1.0.1c PHP/5.4.4 Server at localhost Port 80</address>
'
    'SERVER_SOFTWARE' => 'Apache/2.4.2 (Win32) OpenSSL/1.0.1c PHP/5.4.4'
    'SERVER_NAME' => 'localhost'
    'SERVER_ADDR' => '::1'
    'SERVER_PORT' => '80'
    'REMOTE_ADDR' => '::1'
    'DOCUMENT_ROOT' => 'C:/xampp/htdocs'
    'REQUEST_SCHEME' => 'http'
    'CONTEXT_PREFIX' => ''
    'CONTEXT_DOCUMENT_ROOT' => 'C:/xampp/htdocs'
    'SERVER_ADMIN' => 'postmaster@localhost'
    'SCRIPT_FILENAME' => 'C:/xampp/htdocs/dst_sts/backend/web/index.php'
    'REMOTE_PORT' => '51390'
    'GATEWAY_INTERFACE' => 'CGI/1.1'
    'SERVER_PROTOCOL' => 'HTTP/1.1'
    'REQUEST_METHOD' => 'GET'
    'QUERY_STRING' => 'r=student'
    'REQUEST_URI' => '/dst_sts/backend/web/index.php?r=student'
    'SCRIPT_NAME' => '/dst_sts/backend/web/index.php'
    'PHP_SELF' => '/dst_sts/backend/web/index.php'
    'REQUEST_TIME_FLOAT' => 1425722402.985
    'REQUEST_TIME' => 1425722402
]
